<?xml version="1.0" encoding="utf-8"?><testsuites name="pytest tests"><testsuite name="pytest" errors="0" failures="0" skipped="0" tests="10" time="2.541" timestamp="2026-08-30T19:32:30.639315+00:00" hostname="agent-env-183cc76f-44a9-400b-b9f9-38571f218219"><testcase classname="tests.backend_test" name="test_root" time="0.339" /><testcase classname="tests.backend_test" name="test_list_consultations_no_key" time="0.160" /><testcase classname="tests.backend_test" name="test_list_consultations_wrong_key" time="0.196" /><testcase classname="tests.backend_test" name="test_list_consultations_valid" time="0.127" /><testcase classname="tests.backend_test" name="test_create_persisted" time="0.390" /><testcase classname="tests.backend_test" name="test_create_validation_error" time="0.149" /><testcase classname="tests.backend_test" name="test_patch_no_auth" time="0.170" /><testcase classname="tests.backend_test" name="test_patch_invalid_status" time="0.112" /><testcase classname="tests.backend_test" name="test_patch_unknown_id" time="0.125" /><testcase classname="tests.backend_test" name="test_patch_valid_and_persist" time="0.257" /></testsuite></testsuites>